-------------------------------------------------------------------------------
Test set: com.techm.poc.DCAEUnitTest
-------------------------------------------------------------------------------
Tests run: 11, Failures: 4, Errors: 1, Skipped: 0, Time elapsed: 71,317.785 s <<< FAILURE! - in com.techm.poc.DCAEUnitTest
TestStatusCodeWithoutAuthentication{basePath=/events/UCSNMP-HEARTBEAT, recordPosition=2, baseURI=http://uebsb92sfdc.it.att.com:3904, searchPath=GfpIp-Consumerzltcmtc3njcoll02.research.att.comzltcmtc3njcoll02.research.att.comzltcmtc3njcoll02.research.att.comzltcmtc3njcoll02.research.att.comzltcmtc3njcoll02.research.att.com-overland-test/0?limit=5}(com.techm.poc.DCAEUnitTest)  Time elapsed: 29.296 s  <<< FAILURE!
java.lang.AssertionError: 
1 expectation failed.
Expected status code <200> but was <503>.

	at com.techm.poc.DCAEUnitTest.TestStatusCodeWithoutAuthentication(DCAEUnitTest.java:65)

TestStatusCodeWithAuthentication{basePath=/events/com.att.dcae.dmaap.ISTFTL.DCAE-COLLECTOR-UCSNMP, recordPosition=1, baseURI=https://dcae-msrt-mtl3-istftl.research.att.com:3905, searchPath=ad707g/c1?limit=5, authenticationUser=m06681@snmpTrapCollector.dcae.att.com, authenticationPwd=0penDCAE4!}(com.techm.poc.DCAEUnitTest)  Time elapsed: 71,317.176 s  <<< ERROR!
java.net.SocketException: Software caused connection abort: recv failed
	at com.techm.poc.DCAEUnitTest.TestStatusCodeWithAuthentication(DCAEUnitTest.java:54)

TestStatusCodeWithoutAuthentication{basePath=/events/UCSNMP-HEARTBEAT, recordPosition=1, baseURI=http://uebsb93kcdc.it.att.com:3904, searchPath=GfpIp-Consumerzltcmtc3njcoll02.research.att.comzltcmtc3njcoll02.research.att.comzltcmtc3njcoll02.research.att.comzltcmtc3njcoll02.research.att.comzltcmtc3njcoll02.research.att.com-overland-test/0?limit=5}(com.techm.poc.DCAEUnitTest)  Time elapsed: 73.635 s  <<< FAILURE!
java.lang.AssertionError: 
1 expectation failed.
Expected status code <200> but was <503>.

	at com.techm.poc.DCAEUnitTest.TestStatusCodeWithoutAuthentication(DCAEUnitTest.java:65)

postJSONwithHeader{dataPostUrl=https://dcae-msrt-mtl3-istftl.research.att.com:3905/events/com.att.dcae.dmaap.ISTFTL.DCAE-COLLECTOR-UCSNMP, recordPosition=1, jsonFile=gfpmt5pcs11.UCSNMP.RAW.json, authenticationUser=m06681@snmpTrapCollector.dcae.att.com, authenticationPwd=0penDCAE4!}(com.techm.poc.DCAEUnitTest)  Time elapsed: 7.152 s  <<< FAILURE!
java.lang.AssertionError: 
1 expectation failed.
Expected status code <200> but was <403>.

	at com.techm.poc.DCAEUnitTest.postJSONwithHeader(DCAEUnitTest.java:106)

com.techm.poc.DCAEUnitTest  Time elapsed: 0 s  <<< FAILURE!
org.junit.experimental.theories.internal.ParameterizedAssertionError: postJSONwithHeader(TestInfo [testClass=org.junit.runners.model.TestClass@e3658c, dataLoader=org.easetech.easytest.loader.XMLDataLoader@1362135, filePaths=[testData.xml], methodName=postJSONwithHeader])
Caused by: java.lang.NullPointerException

