<?xml version="1.0" encoding="UTF-8"?>
<testsuite xmlns:xsi="http://www.w3.org/2001/XMLSchema-instance" xsi:noNamespaceSchemaLocation="https://maven.apache.org/surefire/maven-surefire-plugin/xsd/surefire-test-report.xsd" name="com.techm.poc.DCAEUnitTest" time="71,317.785" tests="11" errors="1" skipped="0" failures="4">
  <properties>
[...]
</properties>
  <testcase name="postJSONwithoutHeader{dataPostUrl=http://uebsb91kcdc.it.att.com:3904/events/OPEN-DCAE-HPOVERLAND-PPD-ALARM, recordPosition=1, jsonFile=postProcessedAlarmJSON.json}" classname="com.techm.poc.DCAEUnitTest" time="4.858"/>
  <testcase name="TestStatusCodeWithoutAuthentication{basePath=/events/UCSNMP-HEARTBEAT, recordPosition=2, baseURI=http://uebsb92sfdc.it.att.com:3904, searchPath=GfpIp-Consumerzltcmtc3njcoll02.research.att.comzltcmtc3njcoll02.research.att.comzltcmtc3njcoll02.research.att.comzltcmtc3njcoll02.research.att.comzltcmtc3njcoll02.research.att.com-overland-test/0?limit=5}" classname="com.techm.poc.DCAEUnitTest" time="29.296">
    <failure message="1 expectation failed.&#10;Expected status code &lt;200&gt; but was &lt;503&gt;.&#10;" type="java.lang.AssertionError"><![CDATA[java.lang.AssertionError: 
1 expectation failed.
Expected status code <200> but was <503>.

	at com.techm.poc.DCAEUnitTest.TestStatusCodeWithoutAuthentication(DCAEUnitTest.java:65)
]]></failure>
  </testcase>
  <testcase name="TestStatusCodeWithAuthentication{basePath=/events/com.att.dcae.dmaap.ISTFTL.DCAE-COLLECTOR-UCSNMP, recordPosition=1, baseURI=https://dcae-msrt-mtl3-istftl.research.att.com:3905, searchPath=ad707g/c1?limit=5, authenticationUser=m06681@snmpTrapCollector.dcae.att.com, authenticationPwd=0penDCAE4!}" classname="com.techm.poc.DCAEUnitTest" time="71,317.176">
    <error message="Software caused connection abort: recv failed" type="java.net.SocketException">java.net.SocketException: Software caused connection abort: recv failed
	at com.techm.poc.DCAEUnitTest.TestStatusCodeWithAuthentication(DCAEUnitTest.java:54)
</error>
  </testcase>
  <testcase name="testSchemaGivenJson{SchemaFileName=Schema_FlatironTopology_27.1.json, recordPosition=3, JSONFilePath=C:\\OsCARTest\\DCAEUnitTest\\src\\test\\resources\\flatiron_vNF.json}" classname="com.techm.poc.DCAEUnitTest" time="0.757"/>
  <testcase name="TestStatusCodeWithoutAuthentication{basePath=/events/UCSNMP-HEARTBEAT, recordPosition=1, baseURI=http://uebsb93kcdc.it.att.com:3904, searchPath=GfpIp-Consumerzltcmtc3njcoll02.research.att.comzltcmtc3njcoll02.research.att.comzltcmtc3njcoll02.research.att.comzltcmtc3njcoll02.research.att.comzltcmtc3njcoll02.research.att.com-overland-test/0?limit=5}" classname="com.techm.poc.DCAEUnitTest" time="73.635">
    <failure message="1 expectation failed.&#10;Expected status code &lt;200&gt; but was &lt;503&gt;.&#10;" type="java.lang.AssertionError"><![CDATA[java.lang.AssertionError: 
1 expectation failed.
Expected status code <200> but was <503>.

	at com.techm.poc.DCAEUnitTest.TestStatusCodeWithoutAuthentication(DCAEUnitTest.java:65)
]]></failure>
  </testcase>
  <testcase name="postJSONwithHeader{dataPostUrl=https://dcae-msrt-mtl3-istftl.research.att.com:3905/events/com.att.dcae.dmaap.ISTFTL.OPEN-DCAE-HIGHLANDPARK-EVENT-OUTPUT, recordPosition=2, jsonFile=gfpmt5pcs11.HP.Normalized.json, authenticationUser=m06680@highlandPark.dcae.att.com, authenticationPwd=0penDCAE4!}" classname="com.techm.poc.DCAEUnitTest" time="71,317.222"/>
  <testcase name="testSchemaGivenJson{SchemaFileName=Schema_CommonEventFormat_28.1.json, recordPosition=1, JSONFilePath=C:\\OsCARTest\\DCAEUnitTest\\src\\test\\resources\\gfpmt5pcs11.UCSNMP.RAW.json}" classname="com.techm.poc.DCAEUnitTest" time="0.779"/>
  <testcase name="postJSONwithHeader{dataPostUrl=https://dcae-msrt-mtl3-istftl.research.att.com:3905/events/com.att.dcae.dmaap.ISTFTL.DCAE-COLLECTOR-UCSNMP, recordPosition=1, jsonFile=gfpmt5pcs11.UCSNMP.RAW.json, authenticationUser=m06681@snmpTrapCollector.dcae.att.com, authenticationPwd=0penDCAE4!}" classname="com.techm.poc.DCAEUnitTest" time="7.152">
    <failure message="1 expectation failed.&#10;Expected status code &lt;200&gt; but was &lt;403&gt;.&#10;" type="java.lang.AssertionError"><![CDATA[java.lang.AssertionError: 
1 expectation failed.
Expected status code <200> but was <403>.

	at com.techm.poc.DCAEUnitTest.postJSONwithHeader(DCAEUnitTest.java:106)
]]></failure>
    <system-out><![CDATA[HTTP/1.1 403 Access Denied
Date: Thu, 21 Sep 2017 18:14:03 GMT
Content-Type: text/html; charset=ISO-8859-1
Cache-Control: must-revalidate,no-cache,no-store
Content-Length: 346
Server: Jetty(9.2.z-SNAPSHOT)

<html>
  <head>
    <meta http-equiv="Content-Type" content="text/html; charset=UTF-8"/>
    <title>Error 403 Access Denied</title>
  </head>
  <body>
    <h2>HTTP ERROR 403</h2>
    <p>Problem accessing /events/com.att.dcae.dmaap.ISTFTL.DCAE-COLLECTOR-UCSNMP. Reason:
</p>
    <pre>    Access Denied</pre>
    <hr/>
    <i>
      <small>Powered by Jetty://</small>
    </i>
    <hr/>
  </body>
</html>
]]></system-out>
  </testcase>
  <testcase name="TestStatusCodeWithAuthentication{basePath=/events/com.att.dcae.dmaap.ISTFTL.OPEN-DCAE-HIGHLANDPARK-EVENT-OUTPUT, recordPosition=2, baseURI=https://dcae-msrt-mtl3-istftl.research.att.com:3905, searchPath=ad707g/c1?limit=5, authenticationUser=m06680@highlandPark.dcae.att.com, authenticationPwd=0penDCAE4!}" classname="com.techm.poc.DCAEUnitTest" time="42.384"/>
  <testcase name="testSchemaGivenJson{SchemaFileName=Schema_VESNormalizedJSON_28.3.json, recordPosition=2, JSONFilePath=C:\\OsCARTest\\DCAEUnitTest\\src\\test\\resources\\gfpmt5pcs11.HP.Normalized.json}" classname="com.techm.poc.DCAEUnitTest" time="0.806"/>
  <testcase name="com.techm.poc.DCAEUnitTest" classname="com.techm.poc.DCAEUnitTest" time="0">
    <failure message="postJSONwithHeader(TestInfo [testClass=org.junit.runners.model.TestClass@e3658c, dataLoader=org.easetech.easytest.loader.XMLDataLoader@1362135, filePaths=[testData.xml], methodName=postJSONwithHeader])" type="org.junit.experimental.theories.internal.ParameterizedAssertionError">org.junit.experimental.theories.internal.ParameterizedAssertionError: postJSONwithHeader(TestInfo [testClass=org.junit.runners.model.TestClass@e3658c, dataLoader=org.easetech.easytest.loader.XMLDataLoader@1362135, filePaths=[testData.xml], methodName=postJSONwithHeader])
Caused by: java.lang.NullPointerException
</failure>
  </testcase>
</testsuite>